Determining if the pthread_create exist failed with the following output:
Change Dir: /home/mason/Neurons/build/CMakeFiles/CMakeTmp

Run Build Command:"/usr/bin/make" "cmTC_2289a/fast"
/usr/bin/make -f CMakeFiles/cmTC_2289a.dir/build.make CMakeFiles/cmTC_2289a.dir/build
make[1]: Entering directory '/home/mason/Neurons/build/CMakeFiles/CMakeTmp'
Building C object CMakeFiles/cmTC_2289a.dir/CheckSymbolExists.c.o
/usr/bin/cc    -o CMakeFiles/cmTC_2289a.dir/CheckSymbolExists.c.o   -c /home/mason/Neurons/build/CMakeFiles/CMakeTmp/CheckSymbolExists.c
Linking C executable cmTC_2289a
/usr/bin/cmake -E cmake_link_script CMakeFiles/cmTC_2289a.dir/link.txt --verbose=1
/usr/bin/cc      CMakeFiles/cmTC_2289a.dir/CheckSymbolExists.c.o  -o cmTC_2289a 
CMakeFiles/cmTC_2289a.dir/CheckSymbolExists.c.o: In function `main':
CheckSymbolExists.c:(.text+0x1b): undefined reference to `pthread_create'
collect2: error: ld returned 1 exit status
CMakeFiles/cmTC_2289a.dir/build.make:97: recipe for target 'cmTC_2289a' failed
make[1]: *** [cmTC_2289a] Error 1
make[1]: Leaving directory '/home/mason/Neurons/build/CMakeFiles/CMakeTmp'
Makefile:126: recipe for target 'cmTC_2289a/fast' failed
make: *** [cmTC_2289a/fast] Error 2

File /home/mason/Neurons/build/CMakeFiles/CMakeTmp/CheckSymbolExists.c:
/* */
#include <pthread.h>

int main(int argc, char** argv)
{
  (void)argv;
#ifndef pthread_create
  return ((int*)(&pthread_create))[argc];
#else
  (void)argc;
  return 0;
#endif
}

Determining if the function pthread_create exists in the pthreads failed with the following output:
Change Dir: /home/mason/Neurons/build/CMakeFiles/CMakeTmp

Run Build Command:"/usr/bin/make" "cmTC_9cec9/fast"
/usr/bin/make -f CMakeFiles/cmTC_9cec9.dir/build.make CMakeFiles/cmTC_9cec9.dir/build
make[1]: Entering directory '/home/mason/Neurons/build/CMakeFiles/CMakeTmp'
Building C object CMakeFiles/cmTC_9cec9.dir/CheckFunctionExists.c.o
/usr/bin/cc   -DCHECK_FUNCTION_EXISTS=pthread_create   -o CMakeFiles/cmTC_9cec9.dir/CheckFunctionExists.c.o   -c /usr/share/cmake-3.10/Modules/CheckFunctionExists.c
Linking C executable cmTC_9cec9
/usr/bin/cmake -E cmake_link_script CMakeFiles/cmTC_9cec9.dir/link.txt --verbose=1
/usr/bin/cc  -DCHECK_FUNCTION_EXISTS=pthread_create    CMakeFiles/cmTC_9cec9.dir/CheckFunctionExists.c.o  -o cmTC_9cec9 -lpthreads 
/usr/bin/ld: cannot find -lpthreads
collect2: error: ld returned 1 exit status
CMakeFiles/cmTC_9cec9.dir/build.make:97: recipe for target 'cmTC_9cec9' failed
make[1]: *** [cmTC_9cec9] Error 1
make[1]: Leaving directory '/home/mason/Neurons/build/CMakeFiles/CMakeTmp'
Makefile:126: recipe for target 'cmTC_9cec9/fast' failed
make: *** [cmTC_9cec9/fast] Error 2


Determining if the pthread_create exist failed with the following output:
Change Dir: /home/mason/Neurons/build/CMakeFiles/CMakeTmp

Run Build Command:"/usr/bin/make" "cmTC_39702/fast"
/usr/bin/make -f CMakeFiles/cmTC_39702.dir/build.make CMakeFiles/cmTC_39702.dir/build
make[1]: Entering directory '/home/mason/Neurons/build/CMakeFiles/CMakeTmp'
Building C object CMakeFiles/cmTC_39702.dir/CheckSymbolExists.c.o
/usr/bin/cc    -o CMakeFiles/cmTC_39702.dir/CheckSymbolExists.c.o   -c /home/mason/Neurons/build/CMakeFiles/CMakeTmp/CheckSymbolExists.c
Linking C executable cmTC_39702
/usr/bin/cmake -E cmake_link_script CMakeFiles/cmTC_39702.dir/link.txt --verbose=1
/usr/bin/cc      CMakeFiles/cmTC_39702.dir/CheckSymbolExists.c.o  -o cmTC_39702 
CMakeFiles/cmTC_39702.dir/CheckSymbolExists.c.o: In function `main':
CheckSymbolExists.c:(.text+0x1b): undefined reference to `pthread_create'
collect2: error: ld returned 1 exit status
CMakeFiles/cmTC_39702.dir/build.make:97: recipe for target 'cmTC_39702' failed
make[1]: *** [cmTC_39702] Error 1
make[1]: Leaving directory '/home/mason/Neurons/build/CMakeFiles/CMakeTmp'
Makefile:126: recipe for target 'cmTC_39702/fast' failed
make: *** [cmTC_39702/fast] Error 2

File /home/mason/Neurons/build/CMakeFiles/CMakeTmp/CheckSymbolExists.c:
/* */
#include <pthread.h>

int main(int argc, char** argv)
{
  (void)argv;
#ifndef pthread_create
  return ((int*)(&pthread_create))[argc];
#else
  (void)argc;
  return 0;
#endif
}

Determining if the function pthread_create exists in the pthreads failed with the following output:
Change Dir: /home/mason/Neurons/build/CMakeFiles/CMakeTmp

Run Build Command:"/usr/bin/make" "cmTC_356e0/fast"
/usr/bin/make -f CMakeFiles/cmTC_356e0.dir/build.make CMakeFiles/cmTC_356e0.dir/build
make[1]: Entering directory '/home/mason/Neurons/build/CMakeFiles/CMakeTmp'
Building C object CMakeFiles/cmTC_356e0.dir/CheckFunctionExists.c.o
/usr/bin/cc   -DCHECK_FUNCTION_EXISTS=pthread_create   -o CMakeFiles/cmTC_356e0.dir/CheckFunctionExists.c.o   -c /usr/share/cmake-3.10/Modules/CheckFunctionExists.c
Linking C executable cmTC_356e0
/usr/bin/cmake -E cmake_link_script CMakeFiles/cmTC_356e0.dir/link.txt --verbose=1
/usr/bin/cc  -DCHECK_FUNCTION_EXISTS=pthread_create    CMakeFiles/cmTC_356e0.dir/CheckFunctionExists.c.o  -o cmTC_356e0 -lpthreads 
/usr/bin/ld: cannot find -lpthreads
collect2: error: ld returned 1 exit status
CMakeFiles/cmTC_356e0.dir/build.make:97: recipe for target 'cmTC_356e0' failed
make[1]: *** [cmTC_356e0] Error 1
make[1]: Leaving directory '/home/mason/Neurons/build/CMakeFiles/CMakeTmp'
Makefile:126: recipe for target 'cmTC_356e0/fast' failed
make: *** [cmTC_356e0/fast] Error 2


